[     442ms] [ERROR] Failed to load resource: the server responded with a status of 500 (Internal Server Error) @ http://localhost:3002/login:0
[     624ms] Error: Cannot find module './276.js'
Require stack:
- /Users/pico/.openclaw/workspace/repos/azorean-stacks/azorean-stacks-client/.next/server/webpack-runtime.js
- /Users/pico/.openclaw/workspace/repos/azorean-stacks/azorean-stacks-client/.next/server/app/_not-found/page.js
- /Users/pico/.openclaw/workspace/repos/azorean-stacks/azorean-stacks-client/node_modules/next/dist/server/require.js
- /Users/pico/.openclaw/workspace/repos/azorean-stacks/azorean-stacks-client/node_modules/next/dist/server/load-components.js
- /Users/pico/.openclaw/workspace/repos/azorean-stacks/azorean-stacks-client/node_modules/next/dist/build/utils.js
- /Users/pico/.openclaw/workspace/repos/azorean-stacks/azorean-stacks-client/node_modules/next/dist/server/dev/hot-middleware.js
- /Users/pico/.openclaw/workspace/repos/azorean-stacks/azorean-stacks-client/node_modules/next/dist/server/dev/hot-reloader-webpack.js
- /Users/pico/.openclaw/workspace/repos/azorean-stacks/azorean-stacks-client/node_modules/next/dist/server/lib/router-utils/setup-dev-bundler.js
- /Users/pico/.openclaw/workspace/repos/azorean-stacks/azorean-stacks-client/node_modules/next/dist/server/lib/router-server.js
- /Users/pico/.openclaw/workspace/repos/azorean-stacks/azorean-stacks-client/node_modules/next/dist/server/lib/start-server.js
    at Module._resolveFilename (node:internal/modules/cjs/loader:1455:15)
    at <unknown> (file:///Users/pico/.openclaw/workspace/repos/azorean-stacks/azorean-stacks-client/node_modules/next/dist/server/require-hook.js:55:36)
    at defaultResolveImpl (node:internal/modules/cjs/loader:1065:19)
    at resolveForCJSWithHooks (node:internal/modules/cjs/loader:1070:22)
    at Module._load (node:internal/modules/cjs/loader:1241:25)
    at wrapModuleLoad (node:internal/modules/cjs/loader:255:19)
    at Module.require (node:internal/modules/cjs/loader:1555:12)
    at mod.require (file:///Users/pico/.openclaw/workspace/repos/azorean-stacks/azorean-stacks-client/node_modules/next/dist/server/require-hook.js:65:28)
    at require (node:internal/modules/helpers:190:16)
    at __webpack_require__.f.require (file:///Users/pico/.openclaw/workspace/repos/azorean-stacks/azorean-stacks-client/.next/server/webpack-runtime.js:203:28)
    at <unknown> (file:///Users/pico/.openclaw/workspace/repos/azorean-stacks/azorean-stacks-client/.next/server/webpack-runtime.js:116:40)
    at Array.reduce (<anonymous>)
    at __webpack_require__.e (file:///Users/pico/.openclaw/workspace/repos/azorean-stacks/azorean-stacks-client/.next/server/webpack-runtime.js:115:67)
    at Array.map (<anonymous>)
    at __webpack_require__.X (file:///Users/pico/.openclaw/workspace/repos/azorean-stacks/azorean-stacks-client/.next/server/webpack-runtime.js:167:22)
    at <unknown> (file:///Users/pico/.openclaw/workspace/repos/azorean-stacks/azorean-stacks-client/.next/server/app/login/page.js:1:5033)
    at Object.<anonymous> (file:///Users/pico/.openclaw/workspace/repos/azorean-stacks/azorean-stacks-client/.next/server/app/login/page.js:1:5082)
    at Module._compile (node:internal/modules/cjs/loader:1811:14)
    at Module._extensions..js (node:internal/modules/cjs/loader:1951:10)
    at Module.load (node:internal/modules/cjs/loader:1532:32)
    at Module._load (node:internal/modules/cjs/loader:1334:12)
    at wrapModuleLoad (node:internal/modules/cjs/loader:255:19)
    at Module.require (node:internal/modules/cjs/loader:1555:12)
    at mod.require (file:///Users/pico/.openclaw/workspace/repos/azorean-stacks/azorean-stacks-client/node_modules/next/dist/server/require-hook.js:65:28)
    at require (node:internal/modules/helpers:190:16)
    at requirePage (file:///Users/pico/.openclaw/workspace/repos/azorean-stacks/azorean-stacks-client/node_modules/next/dist/server/require.js:109:84)
    at <unknown> (file:///Users/pico/.openclaw/workspace/repos/azorean-stacks/azorean-stacks-client/node_modules/next/dist/server/load-components.js:103:84)
    at async loadComponentsImpl (file:///Users/pico/.openclaw/workspace/repos/azorean-stacks/azorean-stacks-client/node_modules/next/dist/server/load-components.js:103:26)
    at async DevServer.findPageComponentsImpl (file:///Users/pico/.openclaw/workspace/repos/azorean-stacks/azorean-stacks-client/node_modules/next/dist/server/next-server.js:714:36)
    at async DevServer.findPageComponents (file:///Users/pico/.openclaw/workspace/repos/azorean-stacks/azorean-stacks-client/node_modules/next/dist/server/dev/next-dev-server.js:577:20)
    at async DevServer.renderPageComponent (file:///Users/pico/.openclaw/workspace/repos/azorean-stacks/azorean-stacks-client/node_modules/next/dist/server/base-server.js:1910:24)
    at async DevServer.renderToResponseImpl (file:///Users/pico/.openclaw/workspace/repos/azorean-stacks/azorean-stacks-client/node_modules/next/dist/server/base-server.js:1962:32)
    at async DevServer.pipeImpl (file:///Users/pico/.openclaw/workspace/repos/azorean-stacks/azorean-stacks-client/node_modules/next/dist/server/base-server.js:922:25)
    at async NextNodeServer.handleCatchallRenderRequest (file:///Users/pico/.openclaw/workspace/repos/azorean-stacks/azorean-stacks-client/node_modules/next/dist/server/next-server.js:272:17)
    at async DevServer.handleRequestImpl (file:///Users/pico/.openclaw/workspace/repos/azorean-stacks/azorean-stacks-client/node_modules/next/dist/server/base-server.js:818:17)
    at async (file:///Users/pico/.openclaw/workspace/repos/azorean-stacks/azorean-stacks-client/node_modules/next/dist/server/dev/next-dev-server.js:339:20)
    at async Span.traceAsyncFn (file:///Users/pico/.openclaw/workspace/repos/azorean-stacks/azorean-stacks-client/node_modules/next/dist/trace/trace.js:154:20)
    at async DevServer.handleRequest (file:///Users/pico/.openclaw/workspace/repos/azorean-stacks/azorean-stacks-client/node_modules/next/dist/server/dev/next-dev-server.js:336:24)
    at async invokeRender (file:///Users/pico/.openclaw/workspace/repos/azorean-stacks/azorean-stacks-client/node_modules/next/dist/server/lib/router-server.js:179:21)
    at async handleRequest (file:///Users/pico/.openclaw/workspace/repos/azorean-stacks/azorean-stacks-client/node_modules/next/dist/server/lib/router-server.js:359:24)
    at async requestHandlerImpl (file:///Users/pico/.openclaw/workspace/repos/azorean-stacks/azorean-stacks-client/node_modules/next/dist/server/lib/router-server.js:383:13)
    at async Server.requestListener (file:///Users/pico/.openclaw/workspace/repos/azorean-stacks/azorean-stacks-client/node_modules/next/dist/server/lib/start-server.js:141:13)
[     633ms] [ERROR] Failed to load resource: the server responded with a status of 404 (Not Found) @ http://localhost:3002/favicon.ico:0
[    7377ms] [ERROR] WebSocket connection to 'ws://localhost:3002/_next/webpack-hmr' failed:  @ webpack-internal:///./node_modules/next/dist/client/components/react-dev-overlay/pages/websocket.js:63
[    8380ms] [ERROR] WebSocket connection to 'ws://localhost:3002/_next/webpack-hmr' failed: Error in connection establishment: net::ERR_CONNECTION_REFUSED @ webpack-internal:///./node_modules/next/dist/client/components/react-dev-overlay/pages/websocket.js:63
[   53946ms] [ERROR] WebSocket connection to 'ws://localhost:3002/_next/webpack-hmr' failed:  @ webpack-internal:///./node_modules/next/dist/client/components/react-dev-overlay/pages/websocket.js:63
[   53948ms] [WARNING] [Fast Refresh] performing full reload

Fast Refresh will perform a full reload when you edit a file that's imported by modules outside of the React rendering tree.
You might have a file which exports a React component but also exports a value that is imported by a non-React component file.
Consider migrating the non-React component export to a separate file and importing it into both files.

It is also possible the parent component of the component you edited is a class component, which disables Fast Refresh.
Fast Refresh requires at least one parent function component in your React tree. @ webpack-internal:///./node_modules/next/dist/client/components/react-dev-overlay/pages/hot-reloader-client.js:347
